<?xml version="1.0" encoding="UTF-8"?>
<robot generator="Robot 3.2.2 (Python 3.7.6 on win32)" generated="20201204 17:07:25.073" rpa="false">
<suite id="s1" name="Excel code" source="C:\Users\quannt\PycharmProjects\Automationpython\Excel_code.robot">
<test id="s1-t1" name="excel test">
<kw name="Open Excel Document" library="ExcelLibrary">
<doc>Opens xlsx document file.</doc>
<arguments>
<arg>data6.xlsx</arg>
<arg>sample</arg>
</arguments>
<status status="PASS" starttime="20201204 17:07:29.359" endtime="20201204 17:07:29.363"></status>
</kw>
<kw name="Create Session" library="RequestsLibrary">
<doc>Create Session: create a HTTP session to a server</doc>
<arguments>
<arg>lolo</arg>
<arg>https://queue-staging.citigo.dev:40001</arg>
</arguments>
<msg timestamp="20201204 17:07:29.363" level="INFO">Creating Session using : alias=lolo, url=https://queue-staging.citigo.dev:40001, headers={},                     cookies={}, auth=None, timeout=None, proxies=None, verify=False,                     debug=0 </msg>
<status status="PASS" starttime="20201204 17:07:29.363" endtime="20201204 17:07:29.364"></status>
</kw>
<kw name="Get Request" library="RequestsLibrary">
<doc>Send a GET request on the session object found using the
given `alias`</doc>
<arguments>
<arg>lolo</arg>
<arg>/job/current_job</arg>
</arguments>
<assign>
<var>${resp1}</var>
</assign>
<msg timestamp="20201204 17:07:29.455" level="INFO">GET Request : url=https://queue-staging.citigo.dev:40001/job/current_job 
 path_url=/job/current_job 
 headers={'User-Agent': 'python-requests/2.25.0', 'Accept-Encoding': 'gzip, deflate', 'Accept': '*/*', 'Connection': 'keep-alive'} 
 body=None 
 </msg>
<msg timestamp="20201204 17:07:29.455" level="INFO">GET Response : url=https://queue-staging.citigo.dev:40001/job/current_job 
 status=200, reason=OK 
 body={"success":true,"data":{"sync_queue":0,"webhook_queue":0}} 
 </msg>
<msg timestamp="20201204 17:07:29.455" level="INFO">c:\users\quannt\pycharmprojects\automationpython\venv\lib\site-packages\urllib3\connectionpool.py:1020: InsecureRequestWarning: Unverified HTTPS request is being made to host 'queue-staging.citigo.dev'. Adding certificate verification is strongly advised. See: https://urllib3.readthedocs.io/en/latest/advanced-usage.html#ssl-warnings
  InsecureRequestWarning,</msg>
<msg timestamp="20201204 17:07:29.455" level="INFO">${resp1} = &lt;Response [200]&gt;</msg>
<status status="PASS" starttime="20201204 17:07:29.364" endtime="20201204 17:07:29.455"></status>
</kw>
<kw name="Should Be Equal As Strings" library="BuiltIn">
<doc>Fails if objects are unequal after converting them to strings.</doc>
<arguments>
<arg>${resp1.status_code}</arg>
<arg>200</arg>
</arguments>
<msg timestamp="20201204 17:07:29.455" level="INFO">Argument types are:
&lt;class 'int'&gt;
&lt;type 'unicode'&gt;</msg>
<status status="PASS" starttime="20201204 17:07:29.455" endtime="20201204 17:07:29.455"></status>
</kw>
<kw name="Log" library="BuiltIn">
<doc>Logs the given message with the given level.</doc>
<arguments>
<arg>${resp1.json()}</arg>
</arguments>
<msg timestamp="20201204 17:07:29.456" level="INFO">{'success': True, 'data': {'sync_queue': 0, 'webhook_queue': 0}}</msg>
<status status="PASS" starttime="20201204 17:07:29.456" endtime="20201204 17:07:29.456"></status>
</kw>
<kw name="Get Value From Json" library="JSONLibrary">
<doc>Get Value From JSON using JSONPath</doc>
<arguments>
<arg>${resp1.json()}</arg>
<arg>$..data.webhook_queue</arg>
</arguments>
<assign>
<var>${get_raw_data}</var>
</assign>
<msg timestamp="20201204 17:07:29.492" level="INFO">${get_raw_data} = [0]</msg>
<status status="PASS" starttime="20201204 17:07:29.456" endtime="20201204 17:07:29.492"></status>
</kw>
<kw name="Evaluate" library="BuiltIn">
<doc>Evaluates the given expression in Python and returns the result.</doc>
<arguments>
<arg>${get_raw_data}[0] if ${get_raw_data} else 0</arg>
</arguments>
<assign>
<var>${result}</var>
</assign>
<msg timestamp="20201204 17:07:29.493" level="INFO">${result} = 0</msg>
<status status="PASS" starttime="20201204 17:07:29.492" endtime="20201204 17:07:29.493"></status>
</kw>
<kw name="Evaluate" library="BuiltIn">
<doc>Evaluates the given expression in Python and returns the result.</doc>
<arguments>
<arg>$result or 0</arg>
</arguments>
<assign>
<var>${result}</var>
</assign>
<msg timestamp="20201204 17:07:29.495" level="INFO">${result} = 0</msg>
<status status="PASS" starttime="20201204 17:07:29.493" endtime="20201204 17:07:29.495"></status>
</kw>
<kw name="Log" library="BuiltIn">
<doc>Logs the given message with the given level.</doc>
<arguments>
<arg>${result}</arg>
</arguments>
<msg timestamp="20201204 17:07:29.495" level="INFO">0</msg>
<status status="PASS" starttime="20201204 17:07:29.495" endtime="20201204 17:07:29.495"></status>
</kw>
<kw name="Create Session" library="RequestsLibrary">
<doc>Create Session: create a HTTP session to a server</doc>
<arguments>
<arg>lolo</arg>
<arg>https://queue-staging.citigo.dev:40001</arg>
</arguments>
<msg timestamp="20201204 17:07:29.496" level="INFO">Creating Session using : alias=lolo, url=https://queue-staging.citigo.dev:40001, headers={},                     cookies={}, auth=None, timeout=None, proxies=None, verify=False,                     debug=0 </msg>
<status status="PASS" starttime="20201204 17:07:29.496" endtime="20201204 17:07:29.497"></status>
</kw>
<kw name="Get Request" library="RequestsLibrary">
<doc>Send a GET request on the session object found using the
given `alias`</doc>
<arguments>
<arg>lolo</arg>
<arg>/product/get-time-sync/2440156/259596</arg>
</arguments>
<assign>
<var>${resp1}</var>
</assign>
<msg timestamp="20201204 17:07:29.574" level="INFO">GET Request : url=https://queue-staging.citigo.dev:40001/product/get-time-sync/2440156/259596 
 path_url=/product/get-time-sync/2440156/259596 
 headers={'User-Agent': 'python-requests/2.25.0', 'Accept-Encoding': 'gzip, deflate', 'Accept': '*/*', 'Connection': 'keep-alive'} 
 body=None 
 </msg>
<msg timestamp="20201204 17:07:29.574" level="INFO">GET Response : url=https://queue-staging.citigo.dev:40001/product/get-time-sync/2440156/259596 
 status=200, reason=OK 
 body={"success":true,"data":{"updated_at_kv":"2020-11-27 13:57:33","receive":"2020-11-27 14:06:37","updated_at":"2020-11-27 14:06:40"}} 
 </msg>
<msg timestamp="20201204 17:07:29.574" level="INFO">c:\users\quannt\pycharmprojects\automationpython\venv\lib\site-packages\urllib3\connectionpool.py:1020: InsecureRequestWarning: Unverified HTTPS request is being made to host 'queue-staging.citigo.dev'. Adding certificate verification is strongly advised. See: https://urllib3.readthedocs.io/en/latest/advanced-usage.html#ssl-warnings
  InsecureRequestWarning,</msg>
<msg timestamp="20201204 17:07:29.575" level="INFO">${resp1} = &lt;Response [200]&gt;</msg>
<status status="PASS" starttime="20201204 17:07:29.497" endtime="20201204 17:07:29.575"></status>
</kw>
<kw name="Should Be Equal As Strings" library="BuiltIn">
<doc>Fails if objects are unequal after converting them to strings.</doc>
<arguments>
<arg>${resp1.status_code}</arg>
<arg>200</arg>
</arguments>
<msg timestamp="20201204 17:07:29.575" level="INFO">Argument types are:
&lt;class 'int'&gt;
&lt;type 'unicode'&gt;</msg>
<status status="PASS" starttime="20201204 17:07:29.575" endtime="20201204 17:07:29.575"></status>
</kw>
<kw name="Log" library="BuiltIn">
<doc>Logs the given message with the given level.</doc>
<arguments>
<arg>${resp1.json()}</arg>
</arguments>
<msg timestamp="20201204 17:07:29.576" level="INFO">{'success': True, 'data': {'updated_at_kv': '2020-11-27 13:57:33', 'receive': '2020-11-27 14:06:37', 'updated_at': '2020-11-27 14:06:40'}}</msg>
<status status="PASS" starttime="20201204 17:07:29.576" endtime="20201204 17:07:29.576"></status>
</kw>
<kw name="Get Value From Json" library="JSONLibrary">
<doc>Get Value From JSON using JSONPath</doc>
<arguments>
<arg>${resp1.json()}</arg>
<arg>$..data.updated_at_kv</arg>
</arguments>
<assign>
<var>${get_update_at_kv}</var>
</assign>
<msg timestamp="20201204 17:07:29.594" level="INFO">${get_update_at_kv} = ['2020-11-27 13:57:33']</msg>
<status status="PASS" starttime="20201204 17:07:29.576" endtime="20201204 17:07:29.594"></status>
</kw>
<kw name="Evaluate" library="BuiltIn">
<doc>Evaluates the given expression in Python and returns the result.</doc>
<arguments>
<arg>$get_update_at_kv[0]</arg>
</arguments>
<assign>
<var>${time_update_at_kv}</var>
</assign>
<msg timestamp="20201204 17:07:29.595" level="INFO">${time_update_at_kv} = 2020-11-27 13:57:33</msg>
<status status="PASS" starttime="20201204 17:07:29.595" endtime="20201204 17:07:29.595"></status>
</kw>
<kw name="Get Value From Json" library="JSONLibrary">
<doc>Get Value From JSON using JSONPath</doc>
<arguments>
<arg>${resp1.json()}</arg>
<arg>$..data.receive</arg>
</arguments>
<assign>
<var>${get_receive}</var>
</assign>
<msg timestamp="20201204 17:07:29.613" level="INFO">${get_receive} = ['2020-11-27 14:06:37']</msg>
<status status="PASS" starttime="20201204 17:07:29.595" endtime="20201204 17:07:29.613"></status>
</kw>
<kw name="Evaluate" library="BuiltIn">
<doc>Evaluates the given expression in Python and returns the result.</doc>
<arguments>
<arg>$get_receive[0]</arg>
</arguments>
<assign>
<var>${time_recieve}</var>
</assign>
<msg timestamp="20201204 17:07:29.614" level="INFO">${time_recieve} = 2020-11-27 14:06:37</msg>
<status status="PASS" starttime="20201204 17:07:29.614" endtime="20201204 17:07:29.614"></status>
</kw>
<kw name="Get Value From Json" library="JSONLibrary">
<doc>Get Value From JSON using JSONPath</doc>
<arguments>
<arg>${resp1.json()}</arg>
<arg>$..data.updated_at</arg>
</arguments>
<assign>
<var>${get_updated_at}</var>
</assign>
<msg timestamp="20201204 17:07:29.633" level="INFO">${get_updated_at} = ['2020-11-27 14:06:40']</msg>
<status status="PASS" starttime="20201204 17:07:29.615" endtime="20201204 17:07:29.633"></status>
</kw>
<kw name="Evaluate" library="BuiltIn">
<doc>Evaluates the given expression in Python and returns the result.</doc>
<arguments>
<arg>$get_updated_at[0]</arg>
</arguments>
<assign>
<var>${time_get_update_at}</var>
</assign>
<msg timestamp="20201204 17:07:29.633" level="INFO">${time_get_update_at} = 2020-11-27 14:06:40</msg>
<status status="PASS" starttime="20201204 17:07:29.633" endtime="20201204 17:07:29.633"></status>
</kw>
<kw name="Set Variable" library="BuiltIn">
<doc>Returns the given values which can then be assigned to a variables.</doc>
<arguments>
<arg>0</arg>
</arguments>
<assign>
<var>${item_cell}</var>
</assign>
<msg timestamp="20201204 17:07:29.634" level="INFO">${item_cell} = 0</msg>
<status status="PASS" starttime="20201204 17:07:29.634" endtime="20201204 17:07:29.634"></status>
</kw>
<kw name="${index} IN RANGE [ 100 ]" type="for">
<kw name="${index} = 0" type="foritem">
<kw name="Sum">
<arguments>
<arg>${item_cell}</arg>
<arg>1</arg>
</arguments>
<assign>
<var>${item_cell}</var>
</assign>
<kw name="Convert To Number" library="BuiltIn">
<doc>Converts the given item to a floating point number.</doc>
<arguments>
<arg>${num1}</arg>
</arguments>
<assign>
<var>${num1}</var>
</assign>
<msg timestamp="20201204 17:07:29.635" level="INFO">${num1} = 0.0</msg>
<status status="PASS" starttime="20201204 17:07:29.635" endtime="20201204 17:07:29.635"></status>
</kw>
<kw name="Convert To Number" library="BuiltIn">
<doc>Converts the given item to a floating point number.</doc>
<arguments>
<arg>${num2}</arg>
</arguments>
<assign>
<var>${num2}</var>
</assign>
<msg timestamp="20201204 17:07:29.635" level="INFO">${num2} = 1.0</msg>
<status status="PASS" starttime="20201204 17:07:29.635" endtime="20201204 17:07:29.635"></status>
</kw>
<kw name="Create Dictionary" library="BuiltIn">
<doc>Creates and returns a dictionary based on the given ``items``.</doc>
<arguments>
<arg>x=${num1}</arg>
<arg>y=${num2}</arg>
</arguments>
<assign>
<var>${result_ns}</var>
</assign>
<msg timestamp="20201204 17:07:29.636" level="INFO">${result_ns} = {'x': 0.0, 'y': 1.0}</msg>
<status status="PASS" starttime="20201204 17:07:29.636" endtime="20201204 17:07:29.636"></status>
</kw>
<kw name="Evaluate" library="BuiltIn">
<doc>Evaluates the given expression in Python and returns the result.</doc>
<arguments>
<arg>x+y</arg>
<arg>namespace=${result_ns}</arg>
</arguments>
<assign>
<var>${result}</var>
</assign>
<msg timestamp="20201204 17:07:29.636" level="INFO">${result} = 1.0</msg>
<status status="PASS" starttime="20201204 17:07:29.636" endtime="20201204 17:07:29.636"></status>
</kw>
<kw name="Return From Keyword" library="BuiltIn">
<doc>Returns from the enclosing user keyword.</doc>
<arguments>
<arg>${result}</arg>
</arguments>
<msg timestamp="20201204 17:07:29.637" level="INFO">Returning from the enclosing user keyword.</msg>
<status status="PASS" starttime="20201204 17:07:29.636" endtime="20201204 17:07:29.637"></status>
</kw>
<msg timestamp="20201204 17:07:29.637" level="INFO">${item_cell} = 1.0</msg>
<status status="PASS" starttime="20201204 17:07:29.635" endtime="20201204 17:07:29.637"></status>
</kw>
<kw name="Read Excel Cell" library="ExcelLibrary">
<doc>Returns content of a cell.</doc>
<arguments>
<arg>${item_cell}</arg>
<arg>1</arg>
</arguments>
<assign>
<var>${get_data_col}</var>
</assign>
<msg timestamp="20201204 17:07:29.637" level="INFO">${get_data_col} = 0</msg>
<status status="PASS" starttime="20201204 17:07:29.637" endtime="20201204 17:07:29.637"></status>
</kw>
<kw name="Convert To String" library="BuiltIn">
<doc>Converts the given item to a Unicode string.</doc>
<arguments>
<arg>${get_data_col}</arg>
</arguments>
<assign>
<var>${data_col}</var>
</assign>
<msg timestamp="20201204 17:07:29.637" level="INFO">${data_col} = 0</msg>
<status status="PASS" starttime="20201204 17:07:29.637" endtime="20201204 17:07:29.637"></status>
</kw>
<kw name="Log" library="BuiltIn">
<doc>Logs the given message with the given level.</doc>
<arguments>
<arg>${data_col}</arg>
</arguments>
<msg timestamp="20201204 17:07:29.638" level="INFO">0</msg>
<status status="PASS" starttime="20201204 17:07:29.638" endtime="20201204 17:07:29.638"></status>
</kw>
<kw name="Run Keyword If" library="BuiltIn">
<doc>Runs the given keyword with the given arguments, if ``condition`` is true.</doc>
<arguments>
<arg>'${data_col}'=='${None}'</arg>
<arg>write excel</arg>
<arg>${item_cell}</arg>
<arg>${result}</arg>
<arg>${time_update_at_kv}</arg>
<arg>${time_recieve}</arg>
<arg>${time_get_update_at}</arg>
</arguments>
<status status="PASS" starttime="20201204 17:07:29.638" endtime="20201204 17:07:29.638"></status>
</kw>
<status status="PASS" starttime="20201204 17:07:29.635" endtime="20201204 17:07:29.638"></status>
</kw>
<kw name="${index} = 1" type="foritem">
<kw name="Sum">
<arguments>
<arg>${item_cell}</arg>
<arg>1</arg>
</arguments>
<assign>
<var>${item_cell}</var>
</assign>
<kw name="Convert To Number" library="BuiltIn">
<doc>Converts the given item to a floating point number.</doc>
<arguments>
<arg>${num1}</arg>
</arguments>
<assign>
<var>${num1}</var>
</assign>
<msg timestamp="20201204 17:07:29.639" level="INFO">${num1} = 1.0</msg>
<status status="PASS" starttime="20201204 17:07:29.639" endtime="20201204 17:07:29.639"></status>
</kw>
<kw name="Convert To Number" library="BuiltIn">
<doc>Converts the given item to a floating point number.</doc>
<arguments>
<arg>${num2}</arg>
</arguments>
<assign>
<var>${num2}</var>
</assign>
<msg timestamp="20201204 17:07:29.639" level="INFO">${num2} = 1.0</msg>
<status status="PASS" starttime="20201204 17:07:29.639" endtime="20201204 17:07:29.639"></status>
</kw>
<kw name="Create Dictionary" library="BuiltIn">
<doc>Creates and returns a dictionary based on the given ``items``.</doc>
<arguments>
<arg>x=${num1}</arg>
<arg>y=${num2}</arg>
</arguments>
<assign>
<var>${result_ns}</var>
</assign>
<msg timestamp="20201204 17:07:29.639" level="INFO">${result_ns} = {'x': 1.0, 'y': 1.0}</msg>
<status status="PASS" starttime="20201204 17:07:29.639" endtime="20201204 17:07:29.639"></status>
</kw>
<kw name="Evaluate" library="BuiltIn">
<doc>Evaluates the given expression in Python and returns the result.</doc>
<arguments>
<arg>x+y</arg>
<arg>namespace=${result_ns}</arg>
</arguments>
<assign>
<var>${result}</var>
</assign>
<msg timestamp="20201204 17:07:29.640" level="INFO">${result} = 2.0</msg>
<status status="PASS" starttime="20201204 17:07:29.640" endtime="20201204 17:07:29.640"></status>
</kw>
<kw name="Return From Keyword" library="BuiltIn">
<doc>Returns from the enclosing user keyword.</doc>
<arguments>
<arg>${result}</arg>
</arguments>
<msg timestamp="20201204 17:07:29.640" level="INFO">Returning from the enclosing user keyword.</msg>
<status status="PASS" starttime="20201204 17:07:29.640" endtime="20201204 17:07:29.640"></status>
</kw>
<msg timestamp="20201204 17:07:29.640" level="INFO">${item_cell} = 2.0</msg>
<status status="PASS" starttime="20201204 17:07:29.638" endtime="20201204 17:07:29.640"></status>
</kw>
<kw name="Read Excel Cell" library="ExcelLibrary">
<doc>Returns content of a cell.</doc>
<arguments>
<arg>${item_cell}</arg>
<arg>1</arg>
</arguments>
<assign>
<var>${get_data_col}</var>
</assign>
<msg timestamp="20201204 17:07:29.641" level="INFO">${get_data_col} = 0</msg>
<status status="PASS" starttime="20201204 17:07:29.641" endtime="20201204 17:07:29.641"></status>
</kw>
<kw name="Convert To String" library="BuiltIn">
<doc>Converts the given item to a Unicode string.</doc>
<arguments>
<arg>${get_data_col}</arg>
</arguments>
<assign>
<var>${data_col}</var>
</assign>
<msg timestamp="20201204 17:07:29.641" level="INFO">${data_col} = 0</msg>
<status status="PASS" starttime="20201204 17:07:29.641" endtime="20201204 17:07:29.641"></status>
</kw>
<kw name="Log" library="BuiltIn">
<doc>Logs the given message with the given level.</doc>
<arguments>
<arg>${data_col}</arg>
</arguments>
<msg timestamp="20201204 17:07:29.641" level="INFO">0</msg>
<status status="PASS" starttime="20201204 17:07:29.641" endtime="20201204 17:07:29.641"></status>
</kw>
<kw name="Run Keyword If" library="BuiltIn">
<doc>Runs the given keyword with the given arguments, if ``condition`` is true.</doc>
<arguments>
<arg>'${data_col}'=='${None}'</arg>
<arg>write excel</arg>
<arg>${item_cell}</arg>
<arg>${result}</arg>
<arg>${time_update_at_kv}</arg>
<arg>${time_recieve}</arg>
<arg>${time_get_update_at}</arg>
</arguments>
<status status="PASS" starttime="20201204 17:07:29.642" endtime="20201204 17:07:29.642"></status>
</kw>
<status status="PASS" starttime="20201204 17:07:29.638" endtime="20201204 17:07:29.642"></status>
</kw>
<kw name="${index} = 2" type="foritem">
<kw name="Sum">
<arguments>
<arg>${item_cell}</arg>
<arg>1</arg>
</arguments>
<assign>
<var>${item_cell}</var>
</assign>
<kw name="Convert To Number" library="BuiltIn">
<doc>Converts the given item to a floating point number.</doc>
<arguments>
<arg>${num1}</arg>
</arguments>
<assign>
<var>${num1}</var>
</assign>
<msg timestamp="20201204 17:07:29.642" level="INFO">${num1} = 2.0</msg>
<status status="PASS" starttime="20201204 17:07:29.642" endtime="20201204 17:07:29.642"></status>
</kw>
<kw name="Convert To Number" library="BuiltIn">
<doc>Converts the given item to a floating point number.</doc>
<arguments>
<arg>${num2}</arg>
</arguments>
<assign>
<var>${num2}</var>
</assign>
<msg timestamp="20201204 17:07:29.643" level="INFO">${num2} = 1.0</msg>
<status status="PASS" starttime="20201204 17:07:29.643" endtime="20201204 17:07:29.643"></status>
</kw>
<kw name="Create Dictionary" library="BuiltIn">
<doc>Creates and returns a dictionary based on the given ``items``.</doc>
<arguments>
<arg>x=${num1}</arg>
<arg>y=${num2}</arg>
</arguments>
<assign>
<var>${result_ns}</var>
</assign>
<msg timestamp="20201204 17:07:29.643" level="INFO">${result_ns} = {'x': 2.0, 'y': 1.0}</msg>
<status status="PASS" starttime="20201204 17:07:29.643" endtime="20201204 17:07:29.643"></status>
</kw>
<kw name="Evaluate" library="BuiltIn">
<doc>Evaluates the given expression in Python and returns the result.</doc>
<arguments>
<arg>x+y</arg>
<arg>namespace=${result_ns}</arg>
</arguments>
<assign>
<var>${result}</var>
</assign>
<msg timestamp="20201204 17:07:29.644" level="INFO">${result} = 3.0</msg>
<status status="PASS" starttime="20201204 17:07:29.643" endtime="20201204 17:07:29.644"></status>
</kw>
<kw name="Return From Keyword" library="BuiltIn">
<doc>Returns from the enclosing user keyword.</doc>
<arguments>
<arg>${result}</arg>
</arguments>
<msg timestamp="20201204 17:07:29.644" level="INFO">Returning from the enclosing user keyword.</msg>
<status status="PASS" starttime="20201204 17:07:29.644" endtime="20201204 17:07:29.644"></status>
</kw>
<msg timestamp="20201204 17:07:29.644" level="INFO">${item_cell} = 3.0</msg>
<status status="PASS" starttime="20201204 17:07:29.642" endtime="20201204 17:07:29.644"></status>
</kw>
<kw name="Read Excel Cell" library="ExcelLibrary">
<doc>Returns content of a cell.</doc>
<arguments>
<arg>${item_cell}</arg>
<arg>1</arg>
</arguments>
<assign>
<var>${get_data_col}</var>
</assign>
<msg timestamp="20201204 17:07:29.644" level="INFO">${get_data_col} = 0</msg>
<status status="PASS" starttime="20201204 17:07:29.644" endtime="20201204 17:07:29.644"></status>
</kw>
<kw name="Convert To String" library="BuiltIn">
<doc>Converts the given item to a Unicode string.</doc>
<arguments>
<arg>${get_data_col}</arg>
</arguments>
<assign>
<var>${data_col}</var>
</assign>
<msg timestamp="20201204 17:07:29.645" level="INFO">${data_col} = 0</msg>
<status status="PASS" starttime="20201204 17:07:29.644" endtime="20201204 17:07:29.645"></status>
</kw>
<kw name="Log" library="BuiltIn">
<doc>Logs the given message with the given level.</doc>
<arguments>
<arg>${data_col}</arg>
</arguments>
<msg timestamp="20201204 17:07:29.645" level="INFO">0</msg>
<status status="PASS" starttime="20201204 17:07:29.645" endtime="20201204 17:07:29.645"></status>
</kw>
<kw name="Run Keyword If" library="BuiltIn">
<doc>Runs the given keyword with the given arguments, if ``condition`` is true.</doc>
<arguments>
<arg>'${data_col}'=='${None}'</arg>
<arg>write excel</arg>
<arg>${item_cell}</arg>
<arg>${result}</arg>
<arg>${time_update_at_kv}</arg>
<arg>${time_recieve}</arg>
<arg>${time_get_update_at}</arg>
</arguments>
<status status="PASS" starttime="20201204 17:07:29.645" endtime="20201204 17:07:29.645"></status>
</kw>
<status status="PASS" starttime="20201204 17:07:29.642" endtime="20201204 17:07:29.645"></status>
</kw>
<kw name="${index} = 3" type="foritem">
<kw name="Sum">
<arguments>
<arg>${item_cell}</arg>
<arg>1</arg>
</arguments>
<assign>
<var>${item_cell}</var>
</assign>
<kw name="Convert To Number" library="BuiltIn">
<doc>Converts the given item to a floating point number.</doc>
<arguments>
<arg>${num1}</arg>
</arguments>
<assign>
<var>${num1}</var>
</assign>
<msg timestamp="20201204 17:07:29.646" level="INFO">${num1} = 3.0</msg>
<status status="PASS" starttime="20201204 17:07:29.646" endtime="20201204 17:07:29.646"></status>
</kw>
<kw name="Convert To Number" library="BuiltIn">
<doc>Converts the given item to a floating point number.</doc>
<arguments>
<arg>${num2}</arg>
</arguments>
<assign>
<var>${num2}</var>
</assign>
<msg timestamp="20201204 17:07:29.646" level="INFO">${num2} = 1.0</msg>
<status status="PASS" starttime="20201204 17:07:29.646" endtime="20201204 17:07:29.646"></status>
</kw>
<kw name="Create Dictionary" library="BuiltIn">
<doc>Creates and returns a dictionary based on the given ``items``.</doc>
<arguments>
<arg>x=${num1}</arg>
<arg>y=${num2}</arg>
</arguments>
<assign>
<var>${result_ns}</var>
</assign>
<msg timestamp="20201204 17:07:29.647" level="INFO">${result_ns} = {'x': 3.0, 'y': 1.0}</msg>
<status status="PASS" starttime="20201204 17:07:29.646" endtime="20201204 17:07:29.647"></status>
</kw>
<kw name="Evaluate" library="BuiltIn">
<doc>Evaluates the given expression in Python and returns the result.</doc>
<arguments>
<arg>x+y</arg>
<arg>namespace=${result_ns}</arg>
</arguments>
<assign>
<var>${result}</var>
</assign>
<msg timestamp="20201204 17:07:29.647" level="INFO">${result} = 4.0</msg>
<status status="PASS" starttime="20201204 17:07:29.647" endtime="20201204 17:07:29.647"></status>
</kw>
<kw name="Return From Keyword" library="BuiltIn">
<doc>Returns from the enclosing user keyword.</doc>
<arguments>
<arg>${result}</arg>
</arguments>
<msg timestamp="20201204 17:07:29.647" level="INFO">Returning from the enclosing user keyword.</msg>
<status status="PASS" starttime="20201204 17:07:29.647" endtime="20201204 17:07:29.648"></status>
</kw>
<msg timestamp="20201204 17:07:29.648" level="INFO">${item_cell} = 4.0</msg>
<status status="PASS" starttime="20201204 17:07:29.645" endtime="20201204 17:07:29.648"></status>
</kw>
<kw name="Read Excel Cell" library="ExcelLibrary">
<doc>Returns content of a cell.</doc>
<arguments>
<arg>${item_cell}</arg>
<arg>1</arg>
</arguments>
<assign>
<var>${get_data_col}</var>
</assign>
<msg timestamp="20201204 17:07:29.648" level="INFO">${get_data_col} = 0</msg>
<status status="PASS" starttime="20201204 17:07:29.648" endtime="20201204 17:07:29.648"></status>
</kw>
<kw name="Convert To String" library="BuiltIn">
<doc>Converts the given item to a Unicode string.</doc>
<arguments>
<arg>${get_data_col}</arg>
</arguments>
<assign>
<var>${data_col}</var>
</assign>
<msg timestamp="20201204 17:07:29.648" level="INFO">${data_col} = 0</msg>
<status status="PASS" starttime="20201204 17:07:29.648" endtime="20201204 17:07:29.648"></status>
</kw>
<kw name="Log" library="BuiltIn">
<doc>Logs the given message with the given level.</doc>
<arguments>
<arg>${data_col}</arg>
</arguments>
<msg timestamp="20201204 17:07:29.649" level="INFO">0</msg>
<status status="PASS" starttime="20201204 17:07:29.648" endtime="20201204 17:07:29.649"></status>
</kw>
<kw name="Run Keyword If" library="BuiltIn">
<doc>Runs the given keyword with the given arguments, if ``condition`` is true.</doc>
<arguments>
<arg>'${data_col}'=='${None}'</arg>
<arg>write excel</arg>
<arg>${item_cell}</arg>
<arg>${result}</arg>
<arg>${time_update_at_kv}</arg>
<arg>${time_recieve}</arg>
<arg>${time_get_update_at}</arg>
</arguments>
<status status="PASS" starttime="20201204 17:07:29.649" endtime="20201204 17:07:29.649"></status>
</kw>
<status status="PASS" starttime="20201204 17:07:29.645" endtime="20201204 17:07:29.649"></status>
</kw>
<kw name="${index} = 4" type="foritem">
<kw name="Sum">
<arguments>
<arg>${item_cell}</arg>
<arg>1</arg>
</arguments>
<assign>
<var>${item_cell}</var>
</assign>
<kw name="Convert To Number" library="BuiltIn">
<doc>Converts the given item to a floating point number.</doc>
<arguments>
<arg>${num1}</arg>
</arguments>
<assign>
<var>${num1}</var>
</assign>
<msg timestamp="20201204 17:07:29.650" level="INFO">${num1} = 4.0</msg>
<status status="PASS" starttime="20201204 17:07:29.649" endtime="20201204 17:07:29.650"></status>
</kw>
<kw name="Convert To Number" library="BuiltIn">
<doc>Converts the given item to a floating point number.</doc>
<arguments>
<arg>${num2}</arg>
</arguments>
<assign>
<var>${num2}</var>
</assign>
<msg timestamp="20201204 17:07:29.650" level="INFO">${num2} = 1.0</msg>
<status status="PASS" starttime="20201204 17:07:29.650" endtime="20201204 17:07:29.650"></status>
</kw>
<kw name="Create Dictionary" library="BuiltIn">
<doc>Creates and returns a dictionary based on the given ``items``.</doc>
<arguments>
<arg>x=${num1}</arg>
<arg>y=${num2}</arg>
</arguments>
<assign>
<var>${result_ns}</var>
</assign>
<msg timestamp="20201204 17:07:29.650" level="INFO">${result_ns} = {'x': 4.0, 'y': 1.0}</msg>
<status status="PASS" starttime="20201204 17:07:29.650" endtime="20201204 17:07:29.650"></status>
</kw>
<kw name="Evaluate" library="BuiltIn">
<doc>Evaluates the given expression in Python and returns the result.</doc>
<arguments>
<arg>x+y</arg>
<arg>namespace=${result_ns}</arg>
</arguments>
<assign>
<var>${result}</var>
</assign>
<msg timestamp="20201204 17:07:29.651" level="INFO">${result} = 5.0</msg>
<status status="PASS" starttime="20201204 17:07:29.650" endtime="20201204 17:07:29.651"></status>
</kw>
<kw name="Return From Keyword" library="BuiltIn">
<doc>Returns from the enclosing user keyword.</doc>
<arguments>
<arg>${result}</arg>
</arguments>
<msg timestamp="20201204 17:07:29.651" level="INFO">Returning from the enclosing user keyword.</msg>
<status status="PASS" starttime="20201204 17:07:29.651" endtime="20201204 17:07:29.651"></status>
</kw>
<msg timestamp="20201204 17:07:29.651" level="INFO">${item_cell} = 5.0</msg>
<status status="PASS" starttime="20201204 17:07:29.649" endtime="20201204 17:07:29.651"></status>
</kw>
<kw name="Read Excel Cell" library="ExcelLibrary">
<doc>Returns content of a cell.</doc>
<arguments>
<arg>${item_cell}</arg>
<arg>1</arg>
</arguments>
<assign>
<var>${get_data_col}</var>
</assign>
<msg timestamp="20201204 17:07:29.651" level="INFO">${get_data_col} = None</msg>
<status status="PASS" starttime="20201204 17:07:29.651" endtime="20201204 17:07:29.651"></status>
</kw>
<kw name="Convert To String" library="BuiltIn">
<doc>Converts the given item to a Unicode string.</doc>
<arguments>
<arg>${get_data_col}</arg>
</arguments>
<assign>
<var>${data_col}</var>
</assign>
<msg timestamp="20201204 17:07:29.652" level="INFO">${data_col} = None</msg>
<status status="PASS" starttime="20201204 17:07:29.652" endtime="20201204 17:07:29.652"></status>
</kw>
<kw name="Log" library="BuiltIn">
<doc>Logs the given message with the given level.</doc>
<arguments>
<arg>${data_col}</arg>
</arguments>
<msg timestamp="20201204 17:07:29.652" level="INFO">None</msg>
<status status="PASS" starttime="20201204 17:07:29.652" endtime="20201204 17:07:29.652"></status>
</kw>
<kw name="Run Keyword If" library="BuiltIn">
<doc>Runs the given keyword with the given arguments, if ``condition`` is true.</doc>
<arguments>
<arg>'${data_col}'=='${None}'</arg>
<arg>write excel</arg>
<arg>${item_cell}</arg>
<arg>${result}</arg>
<arg>${time_update_at_kv}</arg>
<arg>${time_recieve}</arg>
<arg>${time_get_update_at}</arg>
</arguments>
<kw name="write excel">
<arguments>
<arg>${item_cell}</arg>
<arg>${result}</arg>
<arg>${time_update_at_kv}</arg>
<arg>${time_recieve}</arg>
<arg>${time_get_update_at}</arg>
</arguments>
<kw name="Write Excel Cell" library="ExcelLibrary">
<doc>Writes value to the cell.</doc>
<arguments>
<arg>${item_cell}</arg>
<arg>1</arg>
<arg>${result}</arg>
</arguments>
<status status="PASS" starttime="20201204 17:07:29.653" endtime="20201204 17:07:29.653"></status>
</kw>
<kw name="Write Excel Cell" library="ExcelLibrary">
<doc>Writes value to the cell.</doc>
<arguments>
<arg>${item_cell}</arg>
<arg>2</arg>
<arg>${time_update_at_kv}</arg>
</arguments>
<status status="PASS" starttime="20201204 17:07:29.653" endtime="20201204 17:07:29.653"></status>
</kw>
<kw name="Write Excel Cell" library="ExcelLibrary">
<doc>Writes value to the cell.</doc>
<arguments>
<arg>${item_cell}</arg>
<arg>3</arg>
<arg>${time_recieve}</arg>
</arguments>
<status status="PASS" starttime="20201204 17:07:29.654" endtime="20201204 17:07:29.654"></status>
</kw>
<kw name="Write Excel Cell" library="ExcelLibrary">
<doc>Writes value to the cell.</doc>
<arguments>
<arg>${item_cell}</arg>
<arg>4</arg>
<arg>${time_updated_at}</arg>
</arguments>
<status status="PASS" starttime="20201204 17:07:29.654" endtime="20201204 17:07:29.654"></status>
</kw>
<kw name="Exit For Loop" library="BuiltIn">
<doc>Stops executing the enclosing for loop.</doc>
<msg timestamp="20201204 17:07:29.654" level="INFO">Exiting for loop altogether.</msg>
<status status="PASS" starttime="20201204 17:07:29.654" endtime="20201204 17:07:29.654"></status>
</kw>
<status status="PASS" starttime="20201204 17:07:29.653" endtime="20201204 17:07:29.654"></status>
</kw>
<status status="PASS" starttime="20201204 17:07:29.652" endtime="20201204 17:07:29.654"></status>
</kw>
<status status="PASS" starttime="20201204 17:07:29.649" endtime="20201204 17:07:29.654"></status>
</kw>
<status status="PASS" starttime="20201204 17:07:29.634" endtime="20201204 17:07:29.655"></status>
</kw>
<kw name="Save Excel Document" library="ExcelLibrary">
<doc>Saves the current document to disk.</doc>
<arguments>
<arg>data6.xlsx</arg>
</arguments>
<status status="PASS" starttime="20201204 17:07:29.655" endtime="20201204 17:07:29.699"></status>
</kw>
<tags>
<tag>excel</tag>
</tags>
<status status="PASS" starttime="20201204 17:07:29.358" endtime="20201204 17:07:29.699" critical="yes"></status>
</test>
<status status="PASS" starttime="20201204 17:07:25.074" endtime="20201204 17:07:29.700"></status>
</suite>
<statistics>
<total>
<stat pass="1" fail="0">Critical Tests</stat>
<stat pass="1" fail="0">All Tests</stat>
</total>
<tag>
<stat pass="1" fail="0">excel</stat>
</tag>
<suite>
<stat pass="1" fail="0" id="s1" name="Excel code">Excel code</stat>
</suite>
</statistics>
<errors>
</errors>
</robot>
