<?xml version="1.0" encoding="UTF-8"?>
<robot generator="Robot 3.2.2 (Python 3.7.6 on win32)" generated="20201207 14:12:21.150" rpa="false">
<suite id="s1" name="Login TC" source="C:\Users\quannt\PycharmProjects\Automationpython\TestCases\Login_TC.robot">
<test id="s1-t1" name="Login Test">
<kw name="open my browser" library="LoginKeywords">
<arguments>
<arg>${url}</arg>
<arg>${browser}</arg>
</arguments>
<kw name="Open Browser" library="SeleniumLibrary">
<doc>Opens a new browser instance to the given ``url``.</doc>
<arguments>
<arg>${url}</arg>
<arg>${browser}</arg>
</arguments>
<msg timestamp="20201207 14:12:21.301" level="INFO">Opening browser 'chrome' to base url 'https://kiotviet.vn/'.</msg>
<status status="PASS" starttime="20201207 14:12:21.301" endtime="20201207 14:12:30.848"></status>
</kw>
<kw name="Set Browser Implicit Wait" library="SeleniumLibrary">
<doc>Sets the implicit wait value used by Selenium.</doc>
<arguments>
<arg>30s</arg>
</arguments>
<status status="PASS" starttime="20201207 14:12:30.848" endtime="20201207 14:12:30.849"></status>
</kw>
<kw name="Maximize Browser Window" library="SeleniumLibrary">
<doc>Maximizes current browser window.</doc>
<status status="PASS" starttime="20201207 14:12:30.849" endtime="20201207 14:12:33.637"></status>
</kw>
<status status="PASS" starttime="20201207 14:12:21.300" endtime="20201207 14:12:33.637"></status>
</kw>
<kw name="Enter Name Shop" library="LoginKeywords">
<arguments>
<arg>${nameshop}</arg>
</arguments>
<kw name="Click Element" library="SeleniumLibrary">
<doc>Click element identified by ``locator``.</doc>
<arguments>
<arg>${btn_dangnhap}</arg>
</arguments>
<msg timestamp="20201207 14:12:33.638" level="INFO">Clicking element 'xpath://a[text()='Đăng Nhập']'.</msg>
<status status="PASS" starttime="20201207 14:12:33.638" endtime="20201207 14:12:33.713"></status>
</kw>
<kw name="Input Text" library="SeleniumLibrary">
<doc>Types the given ``text`` into text field identified by ``locator``.</doc>
<arguments>
<arg>${txt_nameshop}</arg>
<arg>${nameshop}</arg>
</arguments>
<msg timestamp="20201207 14:12:33.713" level="INFO">Typing text 'sieuthiminik154' into text field 'xpath://input[@id='kvs']'.</msg>
<status status="PASS" starttime="20201207 14:12:33.713" endtime="20201207 14:12:33.795"></status>
</kw>
<kw name="Click Element" library="SeleniumLibrary">
<doc>Click element identified by ``locator``.</doc>
<arguments>
<arg>${btn_vaocuahang}</arg>
</arguments>
<msg timestamp="20201207 14:12:33.796" level="INFO">Clicking element 'xpath://input[@class='step-login kv-login']'.</msg>
<status status="PASS" starttime="20201207 14:12:33.796" endtime="20201207 14:12:35.597"></status>
</kw>
<status status="PASS" starttime="20201207 14:12:33.638" endtime="20201207 14:12:35.597"></status>
</kw>
<kw name="Enter UserName and PassWord" library="LoginKeywords">
<arguments>
<arg>${username}</arg>
<arg>${password}</arg>
</arguments>
<kw name="Input Text" library="SeleniumLibrary">
<doc>Types the given ``text`` into text field identified by ``locator``.</doc>
<arguments>
<arg>${txt_username}</arg>
<arg>${username}</arg>
</arguments>
<msg timestamp="20201207 14:12:35.598" level="INFO">Typing text '0888806836' into text field 'xpath://input[@id='UserName']'.</msg>
<status status="PASS" starttime="20201207 14:12:35.598" endtime="20201207 14:12:38.174"></status>
</kw>
<kw name="Input Password" library="SeleniumLibrary">
<doc>Types the given password into text field identified by ``locator``.</doc>
<arguments>
<arg>${txt_password}</arg>
<arg>${password}</arg>
</arguments>
<msg timestamp="20201207 14:12:38.174" level="INFO">Typing password into text field 'xpath://input[@id='Password']'.</msg>
<status status="PASS" starttime="20201207 14:12:38.174" endtime="20201207 14:12:38.252"></status>
</kw>
<kw name="Click Element" library="SeleniumLibrary">
<doc>Click element identified by ``locator``.</doc>
<arguments>
<arg>${btn_quanly}</arg>
</arguments>
<msg timestamp="20201207 14:12:38.252" level="INFO">Clicking element 'xpath://input[@name='quan-ly']'.</msg>
<status status="PASS" starttime="20201207 14:12:38.252" endtime="20201207 14:12:38.478"></status>
</kw>
<status status="PASS" starttime="20201207 14:12:35.597" endtime="20201207 14:12:38.478"></status>
</kw>
<kw name="Close Browser" library="SeleniumLibrary">
<doc>Closes the current browser.</doc>
<status status="PASS" starttime="20201207 14:12:38.479" endtime="20201207 14:12:40.632"></status>
</kw>
<status status="PASS" starttime="20201207 14:12:21.300" endtime="20201207 14:12:40.632" critical="yes"></status>
</test>
<status status="PASS" starttime="20201207 14:12:21.151" endtime="20201207 14:12:40.634"></status>
</suite>
<statistics>
<total>
<stat pass="1" fail="0">Critical Tests</stat>
<stat pass="1" fail="0">All Tests</stat>
</total>
<tag>
</tag>
<suite>
<stat pass="1" fail="0" id="s1" name="Login TC">Login TC</stat>
</suite>
</statistics>
<errors>
</errors>
</robot>
