<?xml version="1.0" encoding="UTF-8"?>
<robot generator="Robot 3.2.2 (Python 3.7.6 on win32)" generated="20201118 16:18:10.331" rpa="false">
<suite id="s1" name="TC4 PutRequest" source="C:\Users\quannt\PycharmProjects\Automationpython\AutoAPI\TC4_PutRequest.robot">
<test id="s1-t1" name="TC_004 create new resource">
<kw name="Create Session" library="RequestsLibrary">
<doc>Create Session: create a HTTP session to a server</doc>
<arguments>
<arg>AddData</arg>
<arg>${base_url}</arg>
</arguments>
<msg timestamp="20201118 16:18:10.430" level="INFO">Creating Session using : alias=AddData, url=http://thetestingworldapi.com/, headers={},                     cookies={}, auth=None, timeout=None, proxies=None, verify=False,                     debug=0 </msg>
<status status="PASS" starttime="20201118 16:18:10.430" endtime="20201118 16:18:10.430"></status>
</kw>
<kw name="Create Dictionary" library="BuiltIn">
<doc>Creates and returns a dictionary based on the given ``items``.</doc>
<arguments>
<arg>id=80107</arg>
<arg>first_name=Testing</arg>
<arg>middle_name=A</arg>
<arg>last_name=Auto</arg>
<arg>date_of_birth=12/12/1990</arg>
</arguments>
<assign>
<var>&amp;{body}</var>
</assign>
<msg timestamp="20201118 16:18:10.431" level="INFO">&amp;{body} = { id=80107 | first_name=Testing | middle_name=A | last_name=Auto | date_of_birth=12/12/1990 }</msg>
<status status="PASS" starttime="20201118 16:18:10.431" endtime="20201118 16:18:10.431"></status>
</kw>
<kw name="Create Dictionary" library="BuiltIn">
<doc>Creates and returns a dictionary based on the given ``items``.</doc>
<arguments>
<arg>Content-Type=application/json</arg>
</arguments>
<assign>
<var>&amp;{header}</var>
</assign>
<msg timestamp="20201118 16:18:10.432" level="INFO">&amp;{header} = { Content-Type=application/json }</msg>
<status status="PASS" starttime="20201118 16:18:10.431" endtime="20201118 16:18:10.432"></status>
</kw>
<kw name="Put Request" library="RequestsLibrary">
<doc>Send a PUT request on the session object found using the
given `alias`</doc>
<arguments>
<arg>AddData</arg>
<arg>api/studentsDetails/80107</arg>
<arg>data=${body}</arg>
<arg>headers=${header}</arg>
</arguments>
<assign>
<var>${response}</var>
</assign>
<msg timestamp="20201118 16:18:10.648" level="INFO">PUT Request : url=http://thetestingworldapi.com//api/studentsDetails/80107 
 path_url=//api/studentsDetails/80107 
 headers={'User-Agent': 'python-requests/2.25.0', 'Accept-Encoding': 'gzip, deflate', 'Accept': '*/*', 'Connection': 'keep-alive', 'Content-Type': 'application/json', 'Content-Length': '112'} 
 body={"id": "80107", "first_name": "Testing", "middle_name": "A", "last_name": "Auto", "date_of_birth": "12/12/1990"} 
 </msg>
<msg timestamp="20201118 16:18:10.648" level="INFO">PUT Response : url=http://thetestingworldapi.com//api/studentsDetails/80107 
 status=200, reason=OK 
 body={"status":"true","msg":"update  data success"} 
 </msg>
<msg timestamp="20201118 16:18:10.648" level="INFO">${response} = &lt;Response [200]&gt;</msg>
<status status="PASS" starttime="20201118 16:18:10.432" endtime="20201118 16:18:10.648"></status>
</kw>
<kw name="Log To Console" library="BuiltIn">
<doc>Logs the given message to the console.</doc>
<arguments>
<arg>${response.status_code}</arg>
</arguments>
<status status="PASS" starttime="20201118 16:18:10.649" endtime="20201118 16:18:10.649"></status>
</kw>
<kw name="Log To Console" library="BuiltIn">
<doc>Logs the given message to the console.</doc>
<arguments>
<arg>${response.content}</arg>
</arguments>
<status status="PASS" starttime="20201118 16:18:10.650" endtime="20201118 16:18:10.651"></status>
</kw>
<kw name="Get Request" library="RequestsLibrary">
<doc>Send a GET request on the session object found using the
given `alias`</doc>
<arguments>
<arg>AddData</arg>
<arg>api/studentsDetails/80107</arg>
</arguments>
<assign>
<var>${response1}</var>
</assign>
<msg timestamp="20201118 16:18:10.757" level="INFO">GET Request : url=http://thetestingworldapi.com//api/studentsDetails/80107 
 path_url=//api/studentsDetails/80107 
 headers={'User-Agent': 'python-requests/2.25.0', 'Accept-Encoding': 'gzip, deflate', 'Accept': '*/*', 'Connection': 'keep-alive'} 
 body=None 
 </msg>
<msg timestamp="20201118 16:18:10.757" level="INFO">GET Response : url=http://thetestingworldapi.com//api/studentsDetails/80107 
 status=200, reason=OK 
 body={"status":"true","data":{"id":80107,"first_name":"Testing","middle_name":"A","last_name":"Auto","date_of_birth":"12/12/1990"}} 
 </msg>
<msg timestamp="20201118 16:18:10.757" level="INFO">${response1} = &lt;Response [200]&gt;</msg>
<status status="PASS" starttime="20201118 16:18:10.651" endtime="20201118 16:18:10.757"></status>
</kw>
<kw name="Log To Console" library="BuiltIn">
<doc>Logs the given message to the console.</doc>
<arguments>
<arg>${response1.content}</arg>
</arguments>
<status status="PASS" starttime="20201118 16:18:10.758" endtime="20201118 16:18:10.758"></status>
</kw>
<status status="PASS" starttime="20201118 16:18:10.429" endtime="20201118 16:18:10.759" critical="yes"></status>
</test>
<status status="PASS" starttime="20201118 16:18:10.333" endtime="20201118 16:18:10.760"></status>
</suite>
<statistics>
<total>
<stat pass="1" fail="0">Critical Tests</stat>
<stat pass="1" fail="0">All Tests</stat>
</total>
<tag>
</tag>
<suite>
<stat pass="1" fail="0" id="s1" name="TC4 PutRequest">TC4 PutRequest</stat>
</suite>
</statistics>
<errors>
<msg timestamp="20201118 16:18:10.423" level="ERROR">Error in file 'C:\Users\quannt\PycharmProjects\Automationpython\AutoAPI\TC4_PutRequest.robot' on line 3: Importing test library 'JSONLibrary' failed: ModuleNotFoundError: No module named 'JSONLibrary'
Traceback (most recent call last):
  None
PYTHONPATH:
  C:\Users\quannt\PycharmProjects\Automationpython\venv\Scripts\robot.exe
  C:\Users\quannt\AppData\Local\Programs\Python\Python37\python37.zip
  C:\Users\quannt\AppData\Local\Programs\Python\Python37\DLLs
  C:\Users\quannt\AppData\Local\Programs\Python\Python37\lib
  C:\Users\quannt\AppData\Local\Programs\Python\Python37
  c:\users\quannt\pycharmprojects\automationpython\venv
  c:\users\quannt\pycharmprojects\automationpython\venv\lib\site-packages
  c:\users\quannt\pycharmprojects\automationpython\venv\lib\site-packages\win32
  c:\users\quannt\pycharmprojects\automationpython\venv\lib\site-packages\win32\lib
  c:\users\quannt\pycharmprojects\automationpython\venv\lib\site-packages\Pythonwin</msg>
</errors>
</robot>
